<?xml version="1.0" encoding="UTF-8"?>
<!-- Generated by org.testng.reporters.JUnitReportReporter -->
<testsuite skipped="0" hostname="LAPTOP-05UNCNK7" name="qaclickacademy.AppiumTest" tests="2" failures="0" timestamp="18 Sep 2018 15:41:08 GMT" time="0.000" errors="0">
  <testcase name="NativeAppAndroi" time="0.000" classname="qaclickacademy.AppiumTest"/>
  <testcase name="IOSApps" time="0.000" classname="qaclickacademy.AppiumTest"/>
</testsuite> <!-- qaclickacademy.AppiumTest -->
