<?xml version="1.0" encoding="UTF-8"?>
<!-- Generated by org.testng.reporters.JUnitReportReporter -->
<testsuite skipped="0" hostname="LAPTOP-05UNCNK7" name="qaclickacademy.RESTAPITest" tests="2" failures="0" timestamp="18 Sep 2018 15:41:37 GMT" time="0.001" errors="0">
  <testcase name="deletetwitter" time="0.001" classname="qaclickacademy.RESTAPITest"/>
  <testcase name="postjira" time="0.000" classname="qaclickacademy.RESTAPITest"/>
</testsuite> <!-- qaclickacademy.RESTAPITest -->
